生成启动时间为 2016/7/6 15:08:49。
     1>项目“G:\大二下小学期一\8拓扑排序\8拓扑排序\8拓扑排序.vcxproj”在节点 2 上(build 个目标)。
     1>InitializeBuildStatus:
         正在创建“Debug\8拓扑排序.unsuccessfulbuild”，因为已指定“AlwaysCreate”。
       ClCompile:
         D:\VS2010install\VC\bin\CL.exe /c /ZI /nologo /W3 /WX- /Od /Oy- /D WIN32 /D _DEBUG /D _CONSOLE /D _UNICODE /D UNICODE /Gm /EHsc /RTC1 /MDd /GS /fp:precise /Zc:wchar_t /Zc:forScope /Fo"Debug\\" /Fd"Debug\vc100.pdb" /Gd /TP /analyze- /errorReport:prompt main.cpp
         main.cpp
       ManifestResourceCompile:
         所有输出均为最新。
       Link:
         D:\VS2010install\VC\bin\link.exe /ERRORREPORT:PROMPT /OUT:"G:\大二下小学期一\8拓扑排序\Debug\8拓扑排序.exe" /INCREMENTAL /NOLOGO kernel32.lib user32.lib gdi32.lib winspool.lib comdlg32.lib advapi32.lib shell32.lib ole32.lib oleaut32.lib uuid.lib odbc32.lib odbccp32.lib /MANIFEST /ManifestFile:"Debug\8拓扑排序.exe.intermediate.manifest" /MANIFESTUAC:"level='asInvoker' uiAccess='false'" /DEBUG /PDB:"G:\大二下小学期一\8拓扑排序\Debug\8拓扑排序.pdb" /SUBSYSTEM:CONSOLE /TLBID:1 /DYNAMICBASE /NXCOMPAT /IMPLIB:"G:\大二下小学期一\8拓扑排序\Debug\8拓扑排序.lib" /MACHINE:X86 "Debug\8拓扑排序.exe.embed.manifest.res"
         Debug\main.obj
         Debug\note.obj
       Manifest:
         C:\Program Files (x86)\Microsoft SDKs\Windows\v7.0A\bin\mt.exe /nologo /verbose /out:"Debug\8拓扑排序.exe.embed.manifest" /manifest "Debug\8拓扑排序.exe.intermediate.manifest"
         所有输出均为最新。
       LinkEmbedManifest:
         所有输出均为最新。
         8拓扑排序.vcxproj -> G:\大二下小学期一\8拓扑排序\Debug\8拓扑排序.exe
       FinalizeBuildStatus:
         正在删除文件“Debug\8拓扑排序.unsuccessfulbuild”。
         正在对“Debug\8拓扑排序.lastbuildstate”执行 Touch 任务。
     1>已完成生成项目“G:\大二下小学期一\8拓扑排序\8拓扑排序\8拓扑排序.vcxproj”(build 个目标)的操作。

生成成功。

已用时间 00:00:04.11
