生成启动时间为 2016/7/10 17:01:47。
     1>项目“G:\大二下小学期一\6Floyd\6Floyd\6Floyd.vcxproj”在节点 2 上(build 个目标)。
     1>InitializeBuildStatus:
         正在创建“Debug\6Floyd.unsuccessfulbuild”，因为已指定“AlwaysCreate”。
       ClCompile:
         D:\VS2010install\VC\bin\CL.exe /c /ZI /nologo /W3 /WX- /Od /Oy- /D WIN32 /D _DEBUG /D _CONSOLE /D _UNICODE /D UNICODE /Gm /EHsc /RTC1 /MDd /GS /fp:precise /Zc:wchar_t /Zc:forScope /Fo"Debug\\" /Fd"Debug\vc100.pdb" /Gd /TP /analyze- /errorReport:prompt main.cpp
         main.cpp
       ManifestResourceCompile:
         所有输出均为最新。
       Link:
         D:\VS2010install\VC\bin\link.exe /ERRORREPORT:PROMPT /OUT:"G:\大二下小学期一\6Floyd\Debug\6Floyd.exe" /INCREMENTAL /NOLOGO kernel32.lib user32.lib gdi32.lib winspool.lib comdlg32.lib advapi32.lib shell32.lib ole32.lib oleaut32.lib uuid.lib odbc32.lib odbccp32.lib /MANIFEST /ManifestFile:"Debug\6Floyd.exe.intermediate.manifest" /MANIFESTUAC:"level='asInvoker' uiAccess='false'" /DEBUG /PDB:"G:\大二下小学期一\6Floyd\Debug\6Floyd.pdb" /SUBSYSTEM:CONSOLE /TLBID:1 /DYNAMICBASE /NXCOMPAT /IMPLIB:"G:\大二下小学期一\6Floyd\Debug\6Floyd.lib" /MACHINE:X86 Debug\6Floyd.exe.embed.manifest.res
         Debug\main.obj
         Debug\note.obj
       Manifest:
         C:\Program Files (x86)\Microsoft SDKs\Windows\v7.0A\bin\mt.exe /nologo /verbose /out:"Debug\6Floyd.exe.embed.manifest" /manifest Debug\6Floyd.exe.intermediate.manifest
         所有输出均为最新。
       LinkEmbedManifest:
         所有输出均为最新。
         6Floyd.vcxproj -> G:\大二下小学期一\6Floyd\Debug\6Floyd.exe
       FinalizeBuildStatus:
         正在删除文件“Debug\6Floyd.unsuccessfulbuild”。
         正在对“Debug\6Floyd.lastbuildstate”执行 Touch 任务。
     1>已完成生成项目“G:\大二下小学期一\6Floyd\6Floyd\6Floyd.vcxproj”(build 个目标)的操作。

生成成功。

已用时间 00:00:02.26
